This is pdfTeX, Version 3.14159265-2.6-1.40.21 (TeX Live 2020) (preloaded format=pdflatex 2025.6.25)  25 JUN 2025 11:44
entering extended mode
 restricted \write18 enabled.
 %&-line parsing enabled.
**06_population._Erica_day3.tex
(./06_population._Erica_day3.tex
LaTeX2e <2020-10-01> patch level 4
L3 programming layer <2021-02-18> (/usr/share/texlive/texmf-dist/tex/latex/base
/article.cls
Document Class: article 2020/04/10 v1.4m Standard LaTeX document class
(/usr/share/texlive/texmf-dist/tex/latex/base/size10.clo
File: size10.clo 2020/04/10 v1.4m Standard LaTeX file (size option)
)
\c@part=\count179
\c@section=\count180
\c@subsection=\count181
\c@subsubsection=\count182
\c@paragraph=\count183
\c@subparagraph=\count184
\c@figure=\count185
\c@table=\count186
\abovecaptionskip=\skip47
\belowcaptionskip=\skip48
\bibindent=\dimen138
) (/usr/share/texlive/texmf-dist/tex/latex/amsmath/amsmath.sty
Package: amsmath 2020/09/23 v2.17i AMS math features
\@mathmargin=\skip49
For additional information on amsmath, use the `?' option.
(/usr/share/texlive/texmf-dist/tex/latex/amsmath/amstext.sty
Package: amstext 2000/06/29 v2.01 AMS text
(/usr/share/texlive/texmf-dist/tex/latex/amsmath/amsgen.sty
File: amsgen.sty 1999/11/30 v2.0 generic functions
\@emptytoks=\toks15
\ex@=\dimen139
)) (/usr/share/texlive/texmf-dist/tex/latex/amsmath/amsbsy.sty
Package: amsbsy 1999/11/29 v1.2d Bold Symbols
\pmbraise@=\dimen140
) (/usr/share/texlive/texmf-dist/tex/latex/amsmath/amsopn.sty
Package: amsopn 2016/03/08 v2.02 operator names
)
\inf@bad=\count187
LaTeX Info: Redefining \frac on input line 234.
\uproot@=\count188
\leftroot@=\count189
LaTeX Info: Redefining \overline on input line 399.
\classnum@=\count190
\DOTSCASE@=\count191
LaTeX Info: Redefining \ldots on input line 496.
LaTeX Info: Redefining \dots on input line 499.
LaTeX Info: Redefining \cdots on input line 620.
\Mathstrutbox@=\box47
\strutbox@=\box48
\big@size=\dimen141
LaTeX Font Info:    Redeclaring font encoding OML on input line 743.
LaTeX Font Info:    Redeclaring font encoding OMS on input line 744.
\macc@depth=\count192
\c@MaxMatrixCols=\count193
\dotsspace@=\muskip16
\c@parentequation=\count194
\dspbrk@lvl=\count195
\tag@help=\toks16
\row@=\count196
\column@=\count197
\maxfields@=\count198
\andhelp@=\toks17
\eqnshift@=\dimen142
\alignsep@=\dimen143
\tagshift@=\dimen144
\tagwidth@=\dimen145
\totwidth@=\dimen146
\lineht@=\dimen147
\@envbody=\toks18
\multlinegap=\skip50
\multlinetaggap=\skip51
\mathdisplay@stack=\toks19
LaTeX Info: Redefining \[ on input line 2923.
LaTeX Info: Redefining \] on input line 2924.
) (/usr/share/texlive/texmf-dist/tex/latex/amsfonts/amssymb.sty
Package: amssymb 2013/01/14 v3.01 AMS font symbols
(/usr/share/texlive/texmf-dist/tex/latex/amsfonts/amsfonts.sty
Package: amsfonts 2013/01/14 v3.01 Basic AMSFonts support
\symAMSa=\mathgroup4
\symAMSb=\mathgroup5
LaTeX Font Info:    Redeclaring math symbol \hbar on input line 98.
LaTeX Font Info:    Overwriting math alphabet `\mathfrak' in version `bold'
(Font)                  U/euf/m/n --> U/euf/b/n on input line 106.
)) (/usr/share/texlive/texmf-dist/tex/generic/iftex/iftex.sty
Package: iftex 2020/03/06 v1.0d TeX engine tests
) (/usr/share/texlive/texmf-dist/tex/latex/base/fontenc.sty
Package: fontenc 2020/08/10 v2.0s Standard LaTeX package
) (/usr/share/texlive/texmf-dist/tex/latex/base/inputenc.sty
Package: inputenc 2020/08/01 v1.3d Input encoding file
\inpenc@prehook=\toks20
\inpenc@posthook=\toks21
) (/usr/share/texlive/texmf-dist/tex/latex/base/textcomp.sty
Package: textcomp 2020/02/02 v2.0n Standard LaTeX package
) (/usr/share/texlive/texmf-dist/tex/latex/lm/lmodern.sty
Package: lmodern 2009/10/30 v1.6 Latin Modern Fonts
LaTeX Font Info:    Overwriting symbol font `operators' in version `normal'
(Font)                  OT1/cmr/m/n --> OT1/lmr/m/n on input line 22.
LaTeX Font Info:    Overwriting symbol font `letters' in version `normal'
(Font)                  OML/cmm/m/it --> OML/lmm/m/it on input line 23.
LaTeX Font Info:    Overwriting symbol font `symbols' in version `normal'
(Font)                  OMS/cmsy/m/n --> OMS/lmsy/m/n on input line 24.
LaTeX Font Info:    Overwriting symbol font `largesymbols' in version `normal'
(Font)                  OMX/cmex/m/n --> OMX/lmex/m/n on input line 25.
LaTeX Font Info:    Overwriting symbol font `operators' in version `bold'
(Font)                  OT1/cmr/bx/n --> OT1/lmr/bx/n on input line 26.
LaTeX Font Info:    Overwriting symbol font `letters' in version `bold'
(Font)                  OML/cmm/b/it --> OML/lmm/b/it on input line 27.
LaTeX Font Info:    Overwriting symbol font `symbols' in version `bold'
(Font)                  OMS/cmsy/b/n --> OMS/lmsy/b/n on input line 28.
LaTeX Font Info:    Overwriting symbol font `largesymbols' in version `bold'
(Font)                  OMX/cmex/m/n --> OMX/lmex/m/n on input line 29.
LaTeX Font Info:    Overwriting math alphabet `\mathbf' in version `normal'
(Font)                  OT1/cmr/bx/n --> OT1/lmr/bx/n on input line 31.
LaTeX Font Info:    Overwriting math alphabet `\mathsf' in version `normal'
(Font)                  OT1/cmss/m/n --> OT1/lmss/m/n on input line 32.
LaTeX Font Info:    Overwriting math alphabet `\mathit' in version `normal'
(Font)                  OT1/cmr/m/it --> OT1/lmr/m/it on input line 33.
LaTeX Font Info:    Overwriting math alphabet `\mathtt' in version `normal'
(Font)                  OT1/cmtt/m/n --> OT1/lmtt/m/n on input line 34.
LaTeX Font Info:    Overwriting math alphabet `\mathbf' in version `bold'
(Font)                  OT1/cmr/bx/n --> OT1/lmr/bx/n on input line 35.
LaTeX Font Info:    Overwriting math alphabet `\mathsf' in version `bold'
(Font)                  OT1/cmss/bx/n --> OT1/lmss/bx/n on input line 36.
LaTeX Font Info:    Overwriting math alphabet `\mathit' in version `bold'
(Font)                  OT1/cmr/bx/it --> OT1/lmr/bx/it on input line 37.
LaTeX Font Info:    Overwriting math alphabet `\mathtt' in version `bold'
(Font)                  OT1/cmtt/m/n --> OT1/lmtt/m/n on input line 38.
) (/usr/share/texlive/texmf-dist/tex/latex/microtype/microtype.sty
Package: microtype 2021/03/14 v2.8c Micro-typographical refinements (RS)
(/usr/share/texlive/texmf-dist/tex/latex/graphics/keyval.sty
Package: keyval 2014/10/28 v1.15 key=value parser (DPC)
\KV@toks@=\toks22
)
\MT@toks=\toks23
\MT@count=\count199
LaTeX Info: Redefining \textls on input line 790.
\MT@outer@kern=\dimen148
LaTeX Info: Redefining \textmicrotypecontext on input line 1374.
\MT@listname@count=\count266
(/usr/share/texlive/texmf-dist/tex/latex/microtype/microtype-pdftex.def
File: microtype-pdftex.def 2021/03/14 v2.8c Definitions specific to pdftex (RS)

LaTeX Info: Redefining \lsstyle on input line 915.
LaTeX Info: Redefining \lslig on input line 915.
\MT@outer@space=\skip52
)
Package microtype Info: Loading configuration file microtype.cfg.
(/usr/share/texlive/texmf-dist/tex/latex/microtype/microtype.cfg
File: microtype.cfg 2021/03/14 v2.8c microtype main configuration file (RS)
)) (/usr/share/texlive/texmf-dist/tex/latex/parskip/parskip.sty
Package: parskip 2021-03-14 v2.0h non-zero parskip adjustments
(/usr/share/texlive/texmf-dist/tex/latex/kvoptions/kvoptions.sty
Package: kvoptions 2020-10-07 v3.14 Key value format for package options (HO)
(/usr/share/texlive/texmf-dist/tex/generic/ltxcmds/ltxcmds.sty
Package: ltxcmds 2020-05-10 v1.25 LaTeX kernel commands for general use (HO)
) (/usr/share/texlive/texmf-dist/tex/generic/kvsetkeys/kvsetkeys.sty
Package: kvsetkeys 2019/12/15 v1.18 Key value parser (HO)
)) (/usr/share/texlive/texmf-dist/tex/latex/etoolbox/etoolbox.sty
Package: etoolbox 2020/10/05 v2.5k e-TeX tools for LaTeX (JAW)
\etb@tempcnta=\count267
)) (/usr/share/texlive/texmf-dist/tex/latex/xcolor/xcolor.sty
Package: xcolor 2016/05/11 v2.12 LaTeX color extensions (UK)
(/usr/share/texlive/texmf-dist/tex/latex/graphics-cfg/color.cfg
File: color.cfg 2016/01/02 v1.6 sample color configuration
)
Package xcolor Info: Driver file: pdftex.def on input line 225.
(/usr/share/texlive/texmf-dist/tex/latex/graphics-def/pdftex.def
File: pdftex.def 2020/10/05 v1.2a Graphics/color driver for pdftex
)
Package xcolor Info: Model `cmy' substituted by `cmy0' on input line 1348.
Package xcolor Info: Model `hsb' substituted by `rgb' on input line 1352.
Package xcolor Info: Model `RGB' extended on input line 1364.
Package xcolor Info: Model `HTML' substituted by `rgb' on input line 1366.
Package xcolor Info: Model `Hsb' substituted by `hsb' on input line 1367.
Package xcolor Info: Model `tHsb' substituted by `hsb' on input line 1368.
Package xcolor Info: Model `HSB' substituted by `hsb' on input line 1369.
Package xcolor Info: Model `Gray' substituted by `gray' on input line 1370.
Package xcolor Info: Model `wave' substituted by `hsb' on input line 1371.
) (/usr/share/texlive/texmf-dist/tex/latex/geometry/geometry.sty
Package: geometry 2020/01/02 v5.9 Page Geometry
(/usr/share/texlive/texmf-dist/tex/generic/iftex/ifvtex.sty
Package: ifvtex 2019/10/25 v1.7 ifvtex legacy package. Use iftex instead.
)
\Gm@cnth=\count268
\Gm@cntv=\count269
\c@Gm@tempcnt=\count270
\Gm@bindingoffset=\dimen149
\Gm@wd@mp=\dimen150
\Gm@odd@mp=\dimen151
\Gm@even@mp=\dimen152
\Gm@layoutwidth=\dimen153
\Gm@layoutheight=\dimen154
\Gm@layouthoffset=\dimen155
\Gm@layoutvoffset=\dimen156
\Gm@dimlist=\toks24
) (/usr/share/texlive/texmf-dist/tex/latex/fancyvrb/fancyvrb.sty
Package: fancyvrb 2021/01/20 v3.7 verbatim text (tvz,hv)
\FV@CodeLineNo=\count271
\FV@InFile=\read2
\FV@TabBox=\box49
\c@FancyVerbLine=\count272
\FV@StepNumber=\count273
\FV@OutFile=\write3
)

! LaTeX Error: File `framed.sty' not found.

Type X to quit or <RETURN> to proceed,
or enter new name. (Default extension: sty)

Enter file name: 
! Emergency stop.
<read *> 
         
l.47 \definecolor
                 {shadecolor}{RGB}{248,248,248}^^M 
Here is how much of TeX's memory you used:
 5198 strings out of 481008
 72720 string characters out of 5909439
 398809 words of memory out of 5000000
 22379 multiletter control sequences out of 15000+600000
 404193 words of font info for 28 fonts, out of 8000000 for 9000
 14 hyphenation exceptions out of 8191
 67i,0n,74p,530b,100s stack positions out of 5000i,500n,10000p,200000b,80000s

!  ==> Fatal error occurred, no output PDF file produced!


! kpathsea: Running mktexfmt pdflatex.fmt
! mktexfmt: mktexfmt is using the following fmtutil.cnf files (in precedence order):
! mktexfmt:   /usr/share/texlive/texmf-dist/web2c/fmtutil.cnf
! mktexfmt: mktexfmt is using the following fmtutil.cnf file for writing changes:
! mktexfmt:   /home/difronzo/.texlive2020/texmf-config/web2c/fmtutil.cnf
! mktexfmt [INFO]: writing formats under /home/difronzo/.texlive2020/texmf-var/web2c
! mktexfmt [INFO]: --- remaking pdflatex with pdftex
! mktexfmt: running `pdftex -ini   -jobname=pdflatex -progname=pdflatex -translate-file=cp227.tcx *pdflatex.ini' ...
! This is pdfTeX, Version 3.14159265-2.6-1.40.21 (TeX Live 2020) (INITEX)
!  restricted \write18 enabled.
!  (/usr/share/texlive/texmf-dist/web2c/cp227.tcx)
! entering extended mode
! (/usr/share/texlive/texmf-dist/tex/latex/latexconfig/pdflatex.ini
! (/usr/share/texlive/texmf-dist/tex/generic/tex-ini-files/pdftexconfig.tex)
! (/usr/share/texlive/texmf-dist/tex/latex/base/latex.ltx
! (/usr/share/texlive/texmf-dist/tex/latex/base/texsys.cfg)
! ./texsys.aux found


! \@currdir set to: ./.


! Assuming \openin and \input 
! have the same search path.


! Defining UNIX/DOS style filename parser.

! catcodes, registers, parameters,
! LaTeX2e <2020-10-01> patch level 4
! (/usr/share/texlive/texmf-dist/tex/latex/l3kernel/expl3.ltx
! (/usr/share/texlive/texmf-dist/tex/latex/l3kernel/expl3-code.tex
! (/usr/share/texlive/texmf-dist/tex/latex/l3kernel/l3deprecation.def)))
! (/usr/share/texlive/texmf-dist/tex/latex/l3packages/xparse/xparse.ltx
! (/usr/share/texlive/texmf-dist/tex/latex/l3packages/xparse/xparse-generic.tex))
!  hacks, control, par, spacing, files, font encodings, lengths,
! ====================================

! Local config file fonttext.cfg used

! ====================================
! (/usr/share/texlive/texmf-dist/tex/latex/base/fonttext.cfg
! (/usr/share/texlive/texmf-dist/tex/latex/base/fonttext.ltx
! === Don't modify this file, use a .cfg file instead ===

! (/usr/share/texlive/texmf-dist/tex/latex/base/omlenc.def)
! (/usr/share/texlive/texmf-dist/tex/latex/base/omsenc.def)
! (/usr/share/texlive/texmf-dist/tex/latex/base/ot1enc.def)
! (/usr/share/texlive/texmf-dist/tex/latex/base/t1enc.def)
! (/usr/share/texlive/texmf-dist/tex/latex/base/ts1enc.def)
! (/usr/share/texlive/texmf-dist/tex/latex/base/ts1cmr.fd)
! (/usr/share/texlive/texmf-dist/tex/latex/base/t1cmr.fd)
! (/usr/share/texlive/texmf-dist/tex/latex/base/ot1cmr.fd)
! (/usr/share/texlive/texmf-dist/tex/latex/base/ot1cmss.fd)
! (/usr/share/texlive/texmf-dist/tex/latex/base/ot1cmtt.fd)))
! ====================================

! Local config file fontmath.cfg used

! ====================================
! (/usr/share/texlive/texmf-dist/tex/latex/base/fontmath.cfg
! (/usr/share/texlive/texmf-dist/tex/latex/base/fontmath.ltx
! === Don't modify this file, use a .cfg file instead ===

! (/usr/share/texlive/texmf-dist/tex/latex/base/omlcmm.fd)
! (/usr/share/texlive/texmf-dist/tex/latex/base/omscmsy.fd)
! (/usr/share/texlive/texmf-dist/tex/latex/base/omxcmex.fd)
! (/usr/share/texlive/texmf-dist/tex/latex/base/ucmr.fd)))
! ====================================

! Local config file preload.cfg used

! =====================================
! (/usr/share/texlive/texmf-dist/tex/latex/base/preload.cfg
! (/usr/share/texlive/texmf-dist/tex/latex/base/preload.ltx)) page nos., x-ref,
! environments, center, verbatim, math definitions, boxes, title, sectioning,
! contents, floats, footnotes, index, bibliography, output,
! ===========================================
! Local configuration file hyphen.cfg used
! ===========================================
! (/usr/share/texlive/texmf-dist/tex/generic/babel/hyphen.cfg
! (/usr/share/texlive/texmf-dist/tex/generic/hyphen/hyphen.tex)
! (/usr/share/texlive/texmf-dist/tex/generic/hyphen/dumyhyph.tex)
! (/usr/share/texlive/texmf-dist/tex/generic/hyphen/zerohyph.tex))
! (/usr/share/texlive/texmf-dist/tex/latex/base/utf8.def
! (/usr/share/texlive/texmf-dist/tex/latex/base/omsenc.dfu)
! (/usr/share/texlive/texmf-dist/tex/latex/base/ot1enc.dfu)
! (/usr/share/texlive/texmf-dist/tex/latex/base/t1enc.dfu)
! (/usr/share/texlive/texmf-dist/tex/latex/base/ts1enc.dfu))
! No file latex2e-first-aid-for-external-files.ltx.

!  ) )
! Beginning to dump on file pdflatex.fmt
!  (preloaded format=pdflatex 2025.6.25)
! 18992 strings of total length 340561
! 277788 memory locations dumped; current usage is 165&275718
! 17292 multiletter control sequences
! \font\nullfont=nullfont
! \font\c__fp_exp_intarray=cmr10 at 0.00002pt
! \font\c__fp_trig_intarray=cmr10 at 0.00003pt
! \font\c_initex_cctab=cmr10 at 0.00005pt
! \font\c_other_cctab=cmr10 at 0.00006pt
! \font\c_str_cctab=cmr10 at 0.00008pt
! \font\g__regex_state_active_intarray=cmr10 at 0.00009pt
! \font\g__regex_thread_info_intarray=cmr10 at 0.0001pt
! \font\g__regex_submatch_prev_intarray=cmr10 at 0.00012pt
! \font\g__regex_submatch_begin_intarray=cmr10 at 0.00014pt
! \font\g__regex_submatch_end_intarray=cmr10 at 0.00015pt
! \font\g__regex_balance_intarray=cmr10 at 0.00017pt
! \font\OMX/cmex/m/n/10=cmex10
! \font\tenln=line10
! \font\tenlnw=linew10
! \font\tencirc=lcircle10
! \font\tencircw=lcirclew10
! \font\OT1/cmr/m/n/5=cmr5
! \font\OT1/cmr/m/n/7=cmr7
! \font\OT1/cmr/m/n/10=cmr10
! \font\OML/cmm/m/it/5=cmmi5
! \font\OML/cmm/m/it/7=cmmi7
! \font\OML/cmm/m/it/10=cmmi10
! \font\OMS/cmsy/m/n/5=cmsy5
! \font\OMS/cmsy/m/n/7=cmsy7
! \font\OMS/cmsy/m/n/10=cmsy10
! \font\c_code_cctab=cmr10 at 0.00018pt
! \font\c_document_cctab=cmr10 at 0.0002pt
! 403423 words of font info for 27 preloaded fonts
! 14 hyphenation exceptions
! Hyphenation trie of length 6081 has 183 ops out of 35111
!   2 for language 1
!   181 for language 0
! 0 words of pdfTeX memory
! 0 indirect objects
! No pages of output.
! Transcript written on pdflatex.log.
! mktexfmt [INFO]: log file copied to: /home/difronzo/.texlive2020/texmf-var/web2c/pdftex/pdflatex.log
! mktexfmt [INFO]: /home/difronzo/.texlive2020/texmf-var/web2c/pdftex/pdflatex.fmt installed.
! mktexfmt [INFO]: successfully rebuilt formats: 1
! mktexfmt [INFO]: not selected formats: 19
! mktexfmt [INFO]: total formats: 20
! mktexfmt [INFO]: exiting with status 0
